2019-10-23T16:47:11+00:00 CRITICAL Uncaught Error: Call to undefined function wc_get_default_products_per_row() in /var/www/vhosts/propertysupervision.com/air-salon.propertysupervision.com/wp-content/plugins/woocommerce/includes/class-wc-query.php:412
Stack trace:
#0 /var/www/vhosts/propertysupervision.com/air-salon.propertysupervision.com/wp-content/plugins/woocommerce/includes/class-wc-query.php(348): WC_Query->product_query(Object(WP_Query))
#1 /var/www/vhosts/propertysupervision.com/air-salon.propertysupervision.com/wp-includes/class-wp-hook.php(286): WC_Query->pre_get_posts(Object(WP_Query))
#2 /var/www/vhosts/propertysupervision.com/air-salon.propertysupervision.com/wp-includes/class-wp-hook.php(310): WP_Hook->apply_filters('', Array)
#3 /var/www/vhosts/propertysupervision.com/air-salon.propertysupervision.com/wp-includes/plugin.php(531): WP_Hook->do_action(Array)
#4 /var/www/vhosts/propertysupervision.com/air-salon.propertysupervision.com/wp-includes/class-wp-query.php(1735): do_action_ref_array('pre_get_posts', Array)
#5 /var/www/vhost in /var/www/vhosts/propertysupervision.com/air-salon.propertysupervision.com/wp-content/plugins/woocommerce/includes/class-wc-query.php on line 412

2019-10-23T16:47:22+00:00 CRITICAL Uncaught Error: Call to undefined function wc_get_default_products_per_row() in /var/www/vhosts/propertysupervision.com/air-salon.propertysupervision.com/wp-content/plugins/woocommerce/includes/class-wc-query.php:412
Stack trace:
#0 /var/www/vhosts/propertysupervision.com/air-salon.propertysupervision.com/wp-content/plugins/woocommerce/includes/class-wc-query.php(348): WC_Query->product_query(Object(WP_Query))
#1 /var/www/vhosts/propertysupervision.com/air-salon.propertysupervision.com/wp-includes/class-wp-hook.php(286): WC_Query->pre_get_posts(Object(WP_Query))
#2 /var/www/vhosts/propertysupervision.com/air-salon.propertysupervision.com/wp-includes/class-wp-hook.php(310): WP_Hook->apply_filters('', Array)
#3 /var/www/vhosts/propertysupervision.com/air-salon.propertysupervision.com/wp-includes/plugin.php(531): WP_Hook->do_action(Array)
#4 /var/www/vhosts/propertysupervision.com/air-salon.propertysupervision.com/wp-includes/class-wp-query.php(1735): do_action_ref_array('pre_get_posts', Array)
#5 /var/www/vhost in /var/www/vhosts/propertysupervision.com/air-salon.propertysupervision.com/wp-content/plugins/woocommerce/includes/class-wc-query.php on line 412

2019-10-23T16:47:23+00:00 CRITICAL Uncaught Error: Call to undefined function wc_get_default_products_per_row() in /var/www/vhosts/propertysupervision.com/air-salon.propertysupervision.com/wp-content/plugins/woocommerce/includes/class-wc-query.php:412
Stack trace:
#0 /var/www/vhosts/propertysupervision.com/air-salon.propertysupervision.com/wp-content/plugins/woocommerce/includes/class-wc-query.php(348): WC_Query->product_query(Object(WP_Query))
#1 /var/www/vhosts/propertysupervision.com/air-salon.propertysupervision.com/wp-includes/class-wp-hook.php(286): WC_Query->pre_get_posts(Object(WP_Query))
#2 /var/www/vhosts/propertysupervision.com/air-salon.propertysupervision.com/wp-includes/class-wp-hook.php(310): WP_Hook->apply_filters('', Array)
#3 /var/www/vhosts/propertysupervision.com/air-salon.propertysupervision.com/wp-includes/plugin.php(531): WP_Hook->do_action(Array)
#4 /var/www/vhosts/propertysupervision.com/air-salon.propertysupervision.com/wp-includes/class-wp-query.php(1735): do_action_ref_array('pre_get_posts', Array)
#5 /var/www/vhost in /var/www/vhosts/propertysupervision.com/air-salon.propertysupervision.com/wp-content/plugins/woocommerce/includes/class-wc-query.php on line 412

2019-10-23T16:47:24+00:00 CRITICAL Uncaught Error: Call to undefined function wc_get_default_products_per_row() in /var/www/vhosts/propertysupervision.com/air-salon.propertysupervision.com/wp-content/plugins/woocommerce/includes/class-wc-query.php:412
Stack trace:
#0 /var/www/vhosts/propertysupervision.com/air-salon.propertysupervision.com/wp-content/plugins/woocommerce/includes/class-wc-query.php(348): WC_Query->product_query(Object(WP_Query))
#1 /var/www/vhosts/propertysupervision.com/air-salon.propertysupervision.com/wp-includes/class-wp-hook.php(286): WC_Query->pre_get_posts(Object(WP_Query))
#2 /var/www/vhosts/propertysupervision.com/air-salon.propertysupervision.com/wp-includes/class-wp-hook.php(310): WP_Hook->apply_filters('', Array)
#3 /var/www/vhosts/propertysupervision.com/air-salon.propertysupervision.com/wp-includes/plugin.php(531): WP_Hook->do_action(Array)
#4 /var/www/vhosts/propertysupervision.com/air-salon.propertysupervision.com/wp-includes/class-wp-query.php(1735): do_action_ref_array('pre_get_posts', Array)
#5 /var/www/vhost in /var/www/vhosts/propertysupervision.com/air-salon.propertysupervision.com/wp-content/plugins/woocommerce/includes/class-wc-query.php on line 412

2019-10-23T16:47:24+00:00 CRITICAL Uncaught Error: Call to undefined function wc_get_default_products_per_row() in /var/www/vhosts/propertysupervision.com/air-salon.propertysupervision.com/wp-content/plugins/woocommerce/includes/class-wc-query.php:412
Stack trace:
#0 /var/www/vhosts/propertysupervision.com/air-salon.propertysupervision.com/wp-content/plugins/woocommerce/includes/class-wc-query.php(348): WC_Query->product_query(Object(WP_Query))
#1 /var/www/vhosts/propertysupervision.com/air-salon.propertysupervision.com/wp-includes/class-wp-hook.php(286): WC_Query->pre_get_posts(Object(WP_Query))
#2 /var/www/vhosts/propertysupervision.com/air-salon.propertysupervision.com/wp-includes/class-wp-hook.php(310): WP_Hook->apply_filters('', Array)
#3 /var/www/vhosts/propertysupervision.com/air-salon.propertysupervision.com/wp-includes/plugin.php(531): WP_Hook->do_action(Array)
#4 /var/www/vhosts/propertysupervision.com/air-salon.propertysupervision.com/wp-includes/class-wp-query.php(1735): do_action_ref_array('pre_get_posts', Array)
#5 /var/www/vhost in /var/www/vhosts/propertysupervision.com/air-salon.propertysupervision.com/wp-content/plugins/woocommerce/includes/class-wc-query.php on line 412

2019-10-23T16:47:25+00:00 CRITICAL Uncaught Error: Call to undefined function wc_get_default_products_per_row() in /var/www/vhosts/propertysupervision.com/air-salon.propertysupervision.com/wp-content/plugins/woocommerce/includes/class-wc-query.php:412
Stack trace:
#0 /var/www/vhosts/propertysupervision.com/air-salon.propertysupervision.com/wp-content/plugins/woocommerce/includes/class-wc-query.php(348): WC_Query->product_query(Object(WP_Query))
#1 /var/www/vhosts/propertysupervision.com/air-salon.propertysupervision.com/wp-includes/class-wp-hook.php(286): WC_Query->pre_get_posts(Object(WP_Query))
#2 /var/www/vhosts/propertysupervision.com/air-salon.propertysupervision.com/wp-includes/class-wp-hook.php(310): WP_Hook->apply_filters('', Array)
#3 /var/www/vhosts/propertysupervision.com/air-salon.propertysupervision.com/wp-includes/plugin.php(531): WP_Hook->do_action(Array)
#4 /var/www/vhosts/propertysupervision.com/air-salon.propertysupervision.com/wp-includes/class-wp-query.php(1735): do_action_ref_array('pre_get_posts', Array)
#5 /var/www/vhost in /var/www/vhosts/propertysupervision.com/air-salon.propertysupervision.com/wp-content/plugins/woocommerce/includes/class-wc-query.php on line 412

2019-10-23T16:47:28+00:00 CRITICAL Uncaught Error: Call to undefined function wc_get_default_products_per_row() in /var/www/vhosts/propertysupervision.com/air-salon.propertysupervision.com/wp-content/plugins/woocommerce/includes/class-wc-query.php:412
Stack trace:
#0 /var/www/vhosts/propertysupervision.com/air-salon.propertysupervision.com/wp-content/plugins/woocommerce/includes/class-wc-query.php(348): WC_Query->product_query(Object(WP_Query))
#1 /var/www/vhosts/propertysupervision.com/air-salon.propertysupervision.com/wp-includes/class-wp-hook.php(286): WC_Query->pre_get_posts(Object(WP_Query))
#2 /var/www/vhosts/propertysupervision.com/air-salon.propertysupervision.com/wp-includes/class-wp-hook.php(310): WP_Hook->apply_filters('', Array)
#3 /var/www/vhosts/propertysupervision.com/air-salon.propertysupervision.com/wp-includes/plugin.php(531): WP_Hook->do_action(Array)
#4 /var/www/vhosts/propertysupervision.com/air-salon.propertysupervision.com/wp-includes/class-wp-query.php(1735): do_action_ref_array('pre_get_posts', Array)
#5 /var/www/vhost in /var/www/vhosts/propertysupervision.com/air-salon.propertysupervision.com/wp-content/plugins/woocommerce/includes/class-wc-query.php on line 412

2019-10-23T16:47:37+00:00 CRITICAL Uncaught Error: Call to undefined function wc_get_default_products_per_row() in /var/www/vhosts/propertysupervision.com/air-salon.propertysupervision.com/wp-content/plugins/woocommerce/includes/class-wc-query.php:412
Stack trace:
#0 /var/www/vhosts/propertysupervision.com/air-salon.propertysupervision.com/wp-content/plugins/woocommerce/includes/class-wc-query.php(348): WC_Query->product_query(Object(WP_Query))
#1 /var/www/vhosts/propertysupervision.com/air-salon.propertysupervision.com/wp-includes/class-wp-hook.php(286): WC_Query->pre_get_posts(Object(WP_Query))
#2 /var/www/vhosts/propertysupervision.com/air-salon.propertysupervision.com/wp-includes/class-wp-hook.php(310): WP_Hook->apply_filters('', Array)
#3 /var/www/vhosts/propertysupervision.com/air-salon.propertysupervision.com/wp-includes/plugin.php(531): WP_Hook->do_action(Array)
#4 /var/www/vhosts/propertysupervision.com/air-salon.propertysupervision.com/wp-includes/class-wp-query.php(1735): do_action_ref_array('pre_get_posts', Array)
#5 /var/www/vhost in /var/www/vhosts/propertysupervision.com/air-salon.propertysupervision.com/wp-content/plugins/woocommerce/includes/class-wc-query.php on line 412

